io.anyline.android.challenge.animation/app/build/intermediates/manifest_merge_blame_file/debug/manifest-merger-blame-debug-report.txt
1<?xml version="1.0" encoding="utf-8"?>
2<manifest xmlns:android="http://schemas.android.com/apk/res/android"
3    package="io.anyline.android.challenge.animation"
4    android:versionCode="1"
5    android:versionName="1.0" >
6
7    <uses-sdk
8        android:minSdkVersion="26"
8-->src\main\AndroidManifest.xml
9        android:targetSdkVersion="28" />
9-->src\main\AndroidManifest.xml
10
11    <uses-permission android:name="android.permission.WRITE_EXTERNAL_STORAGE" />
11-->src\main\AndroidManifest.xml:9:5-81
11-->src\main\AndroidManifest.xml:9:22-78
12    <uses-permission android:name="android.permission.READ_PHONE_STATE" />
12-->src\main\AndroidManifest.xml:10:5-75
12-->src\main\AndroidManifest.xml:10:22-72
13    <uses-permission android:name="android.permission.READ_EXTERNAL_STORAGE" />
13-->src\main\AndroidManifest.xml:11:5-80
13-->src\main\AndroidManifest.xml:11:22-77
14    <uses-permission android:name="android.permission.VIBRATE" />
14-->src\main\AndroidManifest.xml:12:5-65
14-->src\main\AndroidManifest.xml:12:22-63
15
16    <application
16-->src\main\AndroidManifest.xml:14:5-36:19
17        android:appComponentFactory="androidx.core.app.CoreComponentFactory"
17-->[androidx.core:core:1.0.0] AndroidManifest.xml:22:18-86
18        android:debuggable="true"
19        android:extractNativeLibs="false"
20        android:icon="@drawable/icon"
20-->src\main\AndroidManifest.xml:15:9-38
21        android:label="@string/app_name"
21-->src\main\AndroidManifest.xml:16:9-41
22        android:testOnly="true" >
23        <service
23-->src\main\AndroidManifest.xml:17:9-19:38
24            android:name="io.anyline.android.challenge.animation.BackgroundSoundService"
24-->src\main\AndroidManifest.xml:18:13-89
25            android:enabled="true" />
25-->src\main\AndroidManifest.xml:19:13-35
26
27        <activity
27-->src\main\AndroidManifest.xml:20:9-27:20
28            android:name="io.anyline.android.challenge.animation.KnightRiderActivity"
28-->src\main\AndroidManifest.xml:21:13-48
29            android:label="@string/app_name" >
29-->src\main\AndroidManifest.xml:22:13-45
30            <intent-filter>
30-->src\main\AndroidManifest.xml:23:13-26:29
31                <action android:name="android.intent.action.MAIN" />
31-->src\main\AndroidManifest.xml:24:17-69
31-->src\main\AndroidManifest.xml:24:25-66
32
33                <category android:name="android.intent.category.DEFAULT" />
33-->src\main\AndroidManifest.xml:25:17-76
33-->src\main\AndroidManifest.xml:25:27-73
34            </intent-filter>
35        </activity>
36        <activity
36-->src\main\AndroidManifest.xml:28:9-35:20
37            android:name="io.anyline.android.challenge.animation.Splash"
37-->src\main\AndroidManifest.xml:29:13-35
38            android:theme="@style/Theme.Transparent" >
38-->src\main\AndroidManifest.xml:30:13-53
39            <intent-filter>
39-->src\main\AndroidManifest.xml:31:13-34:29
40                <action android:name="android.intent.action.MAIN" />
40-->src\main\AndroidManifest.xml:24:17-69
40-->src\main\AndroidManifest.xml:24:25-66
41
42                <category android:name="android.intent.category.LAUNCHER" />
42-->src\main\AndroidManifest.xml:33:17-86
42-->src\main\AndroidManifest.xml:33:27-74
43            </intent-filter>
44        </activity>
45    </application>
46
47</manifest>